<?xml version="1.0" encoding="UTF-8"?>
<!-- Generated by org.testng.reporters.JUnitReportReporter -->
<testsuite hostname="DEMUCVAZ30" name="DropboxTestCases.Logouttest" tests="1" failures="0" timestamp="11 Sep 2018 09:53:00 GMT" time="6.436" errors="0">
  <testcase name="Verifylogout" time="6.436" classname="DropboxTestCases.Logouttest"/>
</testsuite> <!-- DropboxTestCases.Logouttest -->
