<?xml version="1.0" encoding="UTF-8"?>
<!-- Generated by org.testng.reporters.JUnitReportReporter -->
<testsuite hostname="Vinarz" failures="0" tests="1" name="DropboxTestCases.Uploadfiletest" time="22.152" errors="0" timestamp="10 Sep 2018 14:44:12 GMT">
  <testcase classname="DropboxTestCases.Uploadfiletest" name="UploadFile" time="22.152"/>
</testsuite> <!-- DropboxTestCases.Uploadfiletest -->
