<?xml version="1.0" encoding="UTF-8"?>
<!-- Generated by org.testng.reporters.JUnitReportReporter -->
<testsuite hostname="Vinarz" failures="0" tests="1" name="DropboxTestCases.Sharefoldertest" time="13.592" errors="0" timestamp="10 Sep 2018 21:29:09 GMT">
  <testcase classname="DropboxTestCases.Sharefoldertest" name="Verifyfoldershared" time="13.592"/>
</testsuite> <!-- DropboxTestCases.Sharefoldertest -->
