<?xml version="1.0" encoding="UTF-8"?>
<!-- Generated by org.testng.reporters.JUnitReportReporter -->
<testsuite hostname="Vinarz" failures="0" tests="1" name="DropboxTestCases.Logouttest" time="9.640" errors="0" timestamp="10 Sep 2018 21:29:09 GMT">
  <testcase classname="DropboxTestCases.Logouttest" name="Verifylogout" time="9.640"/>
</testsuite> <!-- DropboxTestCases.Logouttest -->
