<?xml version="1.0" encoding="UTF-8"?>
<!-- Generated by org.testng.reporters.JUnitReportReporter -->
<testsuite hostname="DEMUCVAZ30" name="DropboxTestCases.Logintest" tests="1" failures="0" timestamp="11 Sep 2018 09:27:43 GMT" time="19.150" errors="0">
  <testcase name="Verify_Login" time="19.150" classname="DropboxTestCases.Logintest"/>
</testsuite> <!-- DropboxTestCases.Logintest -->
