<?xml version="1.0" encoding="UTF-8"?>
<!-- Generated by org.testng.reporters.JUnitReportReporter -->
<testsuite hostname="DEMUCVAZ30" name="DropboxTestCases.Sharefoldertest" tests="1" failures="0" timestamp="11 Sep 2018 09:53:00 GMT" time="9.813" errors="0">
  <testcase name="Verifyfoldershared" time="9.813" classname="DropboxTestCases.Sharefoldertest"/>
</testsuite> <!-- DropboxTestCases.Sharefoldertest -->
