<?xml version="1.0" encoding="UTF-8"?>
<!-- Generated by org.testng.reporters.JUnitReportReporter -->
<testsuite hostname="DEMUCVAZ30" name="DropboxTestCases.Uploadfiletest" tests="1" failures="0" timestamp="11 Sep 2018 11:15:35 GMT" time="19.934" errors="0">
  <testcase name="UploadFile" time="19.934" classname="DropboxTestCases.Uploadfiletest"/>
</testsuite> <!-- DropboxTestCases.Uploadfiletest -->
