<?xml version="1.0" encoding="UTF-8"?>
<!-- Generated by org.testng.reporters.JUnitReportReporter -->
<testsuite hostname="Vinarz" failures="0" tests="1" name="DropboxTestCases.Uploadfiletest" time="16.754" errors="0" timestamp="10 Sep 2018 21:29:09 GMT">
  <testcase classname="DropboxTestCases.Uploadfiletest" name="UploadFile" time="16.754"/>
</testsuite> <!-- DropboxTestCases.Uploadfiletest -->
