<?xml version="1.0" encoding="UTF-8"?>
<!-- Generated by org.testng.reporters.JUnitReportReporter -->
<testsuite hostname="DEMUCVAZ30" name="DropboxTestCases.Createfoldertest" tests="1" failures="0" timestamp="11 Sep 2018 09:27:43 GMT" time="11.100" errors="0">
  <testcase name="VerifyNewFolder" time="11.100" classname="DropboxTestCases.Createfoldertest"/>
</testsuite> <!-- DropboxTestCases.Createfoldertest -->
