<?xml version="1.0" encoding="UTF-8"?>
<!-- Generated by org.testng.reporters.JUnitReportReporter -->
<testsuite hostname="DEMUCVAZ30" name="DropboxTestCases.Logintest" tests="1" failures="0" timestamp="11 Sep 2018 09:53:00 GMT" time="6.735" errors="0">
  <testcase name="Verify_Login" time="6.735" classname="DropboxTestCases.Logintest"/>
</testsuite> <!-- DropboxTestCases.Logintest -->
