<?xml version="1.0" encoding="UTF-8"?>
<!-- Generated by org.testng.reporters.JUnitReportReporter -->
<testsuite hostname="DEMUCVAZ30" name="DropboxTestCases.Sharefoldertest" tests="1" failures="0" timestamp="11 Sep 2018 09:22:08 GMT" time="10.043" errors="0">
  <testcase name="Verifyfoldershared" time="10.043" classname="DropboxTestCases.Sharefoldertest"/>
</testsuite> <!-- DropboxTestCases.Sharefoldertest -->
