<?xml version="1.0" encoding="UTF-8"?>
<!-- Generated by org.testng.reporters.JUnitReportReporter -->
<testsuite hostname="DEMUCVAZ30" name="DropboxTestCases.Createfoldertest" tests="1" failures="0" timestamp="11 Sep 2018 11:30:20 GMT" time="5.014" errors="0">
  <testcase name="VerifyNewFolder" time="5.014" classname="DropboxTestCases.Createfoldertest"/>
</testsuite> <!-- DropboxTestCases.Createfoldertest -->
